
Terraform used the selected providers to generate the following execution
plan. Resource actions are indicated with the following symbols:
  [32m+[0m create[0m

Terraform planned the following actions, but then encountered a problem:

[1m  # google_compute_firewall.allow_intra_snet_ingress_to_any[0m will be created
[0m  [32m+[0m[0m resource "google_compute_firewall" "allow_intra_snet_ingress_to_any" {
      [32m+[0m[0m creation_timestamp = (known after apply)
      [32m+[0m[0m description        = "Creates firewall rule to allow ingress from within Spark subnet on all ports, all protocols"
      [32m+[0m[0m destination_ranges = (known after apply)
      [32m+[0m[0m direction          = "INGRESS"
      [32m+[0m[0m enable_logging     = (known after apply)
      [32m+[0m[0m id                 = (known after apply)
      [32m+[0m[0m name               = "allow-intra-snet-ingress-to-any"
      [32m+[0m[0m network            = "qs-s8s-vpc-30466744069"
      [32m+[0m[0m priority           = 1000
      [32m+[0m[0m project            = "lakehouse-solutions-build"
      [32m+[0m[0m self_link          = (known after apply)
      [32m+[0m[0m source_ranges      = [
          [32m+[0m[0m "10.0.0.0/16",
        ]

      [32m+[0m[0m allow {
          [32m+[0m[0m ports    = []
          [32m+[0m[0m protocol = "all"
        }
    }

[1m  # google_storage_bucket.s8s_data_and_code_bucket_creation[0m will be created
[0m  [32m+[0m[0m resource "google_storage_bucket" "s8s_data_and_code_bucket_creation" {
      [32m+[0m[0m effective_labels            = {
          [32m+[0m[0m "goog-terraform-provisioned" = "true"
        }
      [32m+[0m[0m force_destroy               = true
      [32m+[0m[0m id                          = (known after apply)
      [32m+[0m[0m location                    = "US-CENTRAL1"
      [32m+[0m[0m name                        = "qs-s8s-data_and_code_bucket-30466744069"
      [32m+[0m[0m project                     = (known after apply)
      [32m+[0m[0m project_number              = (known after apply)
      [32m+[0m[0m public_access_prevention    = (known after apply)
      [32m+[0m[0m rpo                         = (known after apply)
      [32m+[0m[0m self_link                   = (known after apply)
      [32m+[0m[0m storage_class               = "STANDARD"
      [32m+[0m[0m terraform_labels            = {
          [32m+[0m[0m "goog-terraform-provisioned" = "true"
        }
      [32m+[0m[0m time_created                = (known after apply)
      [32m+[0m[0m uniform_bucket_level_access = true
      [32m+[0m[0m updated                     = (known after apply)
      [32m+[0m[0m url                         = (known after apply)
    }

[1m  # google_storage_bucket.s8s_spark_bucket_creation[0m will be created
[0m  [32m+[0m[0m resource "google_storage_bucket" "s8s_spark_bucket_creation" {
      [32m+[0m[0m effective_labels            = {
          [32m+[0m[0m "goog-terraform-provisioned" = "true"
        }
      [32m+[0m[0m force_destroy               = true
      [32m+[0m[0m id                          = (known after apply)
      [32m+[0m[0m location                    = "US-CENTRAL1"
      [32m+[0m[0m name                        = "qs-s8s-spark-bucket-30466744069"
      [32m+[0m[0m project                     = (known after apply)
      [32m+[0m[0m project_number              = (known after apply)
      [32m+[0m[0m public_access_prevention    = (known after apply)
      [32m+[0m[0m rpo                         = (known after apply)
      [32m+[0m[0m self_link                   = (known after apply)
      [32m+[0m[0m storage_class               = "STANDARD"
      [32m+[0m[0m terraform_labels            = {
          [32m+[0m[0m "goog-terraform-provisioned" = "true"
        }
      [32m+[0m[0m time_created                = (known after apply)
      [32m+[0m[0m uniform_bucket_level_access = true
      [32m+[0m[0m updated                     = (known after apply)
      [32m+[0m[0m url                         = (known after apply)
    }

[1m  # google_storage_bucket.s8s_spark_sphs_bucket_creation[0m will be created
[0m  [32m+[0m[0m resource "google_storage_bucket" "s8s_spark_sphs_bucket_creation" {
      [32m+[0m[0m effective_labels            = {
          [32m+[0m[0m "goog-terraform-provisioned" = "true"
        }
      [32m+[0m[0m force_destroy               = true
      [32m+[0m[0m id                          = (known after apply)
      [32m+[0m[0m location                    = "US-CENTRAL1"
      [32m+[0m[0m name                        = "qs-s8s-sphs-30466744069"
      [32m+[0m[0m project                     = (known after apply)
      [32m+[0m[0m project_number              = (known after apply)
      [32m+[0m[0m public_access_prevention    = (known after apply)
      [32m+[0m[0m rpo                         = (known after apply)
      [32m+[0m[0m self_link                   = (known after apply)
      [32m+[0m[0m storage_class               = "STANDARD"
      [32m+[0m[0m terraform_labels            = {
          [32m+[0m[0m "goog-terraform-provisioned" = "true"
        }
      [32m+[0m[0m time_created                = (known after apply)
      [32m+[0m[0m uniform_bucket_level_access = true
      [32m+[0m[0m updated                     = (known after apply)
      [32m+[0m[0m url                         = (known after apply)
    }

[1m  # google_storage_bucket_object.airflow_dag_upload_to_gcs[0m will be created
[0m  [32m+[0m[0m resource "google_storage_bucket_object" "airflow_dag_upload_to_gcs" {
      [32m+[0m[0m bucket         = "qs-s8s-data_and_code_bucket-30466744069"
      [32m+[0m[0m content        = (sensitive value)
      [32m+[0m[0m content_type   = (known after apply)
      [32m+[0m[0m crc32c         = (known after apply)
      [32m+[0m[0m detect_md5hash = "different hash"
      [32m+[0m[0m generation     = (known after apply)
      [32m+[0m[0m id             = (known after apply)
      [32m+[0m[0m kms_key_name   = (known after apply)
      [32m+[0m[0m md5hash        = (known after apply)
      [32m+[0m[0m md5hexhash     = (known after apply)
      [32m+[0m[0m media_link     = (known after apply)
      [32m+[0m[0m name           = "scripts/composer-dag/pipeline.py"
      [32m+[0m[0m output_name    = (known after apply)
      [32m+[0m[0m self_link      = (known after apply)
      [32m+[0m[0m source         = "../scripts/composer-dag/pipeline.py"
      [32m+[0m[0m storage_class  = (known after apply)
    }

[1m  # google_storage_bucket_object.csv_files_upload_to_gcs["service_threshold_data.csv"][0m will be created
[0m  [32m+[0m[0m resource "google_storage_bucket_object" "csv_files_upload_to_gcs" {
      [32m+[0m[0m bucket         = "qs-s8s-data_and_code_bucket-30466744069"
      [32m+[0m[0m content        = (sensitive value)
      [32m+[0m[0m content_type   = (known after apply)
      [32m+[0m[0m crc32c         = (known after apply)
      [32m+[0m[0m detect_md5hash = "different hash"
      [32m+[0m[0m generation     = (known after apply)
      [32m+[0m[0m id             = (known after apply)
      [32m+[0m[0m kms_key_name   = (known after apply)
      [32m+[0m[0m md5hash        = (known after apply)
      [32m+[0m[0m md5hexhash     = (known after apply)
      [32m+[0m[0m media_link     = (known after apply)
      [32m+[0m[0m name           = "datasets/service_threshold_data.csv"
      [32m+[0m[0m output_name    = (known after apply)
      [32m+[0m[0m self_link      = (known after apply)
      [32m+[0m[0m source         = "../datasets/service_threshold_data.csv"
      [32m+[0m[0m storage_class  = (known after apply)
    }

[1m  # google_storage_bucket_object.csv_files_upload_to_gcs["telecom_customer_churn_data.csv"][0m will be created
[0m  [32m+[0m[0m resource "google_storage_bucket_object" "csv_files_upload_to_gcs" {
      [32m+[0m[0m bucket         = "qs-s8s-data_and_code_bucket-30466744069"
      [32m+[0m[0m content        = (sensitive value)
      [32m+[0m[0m content_type   = (known after apply)
      [32m+[0m[0m crc32c         = (known after apply)
      [32m+[0m[0m detect_md5hash = "different hash"
      [32m+[0m[0m generation     = (known after apply)
      [32m+[0m[0m id             = (known after apply)
      [32m+[0m[0m kms_key_name   = (known after apply)
      [32m+[0m[0m md5hash        = (known after apply)
      [32m+[0m[0m md5hexhash     = (known after apply)
      [32m+[0m[0m media_link     = (known after apply)
      [32m+[0m[0m name           = "datasets/telecom_customer_churn_data.csv"
      [32m+[0m[0m output_name    = (known after apply)
      [32m+[0m[0m self_link      = (known after apply)
      [32m+[0m[0m source         = "../datasets/telecom_customer_churn_data.csv"
      [32m+[0m[0m storage_class  = (known after apply)
    }

[1m  # google_storage_bucket_object.other_files_upload_to_gcs["L1_Customer_details_raw_part-00000-fc7d6e20-dbda-4143-91b5-d9414310dfd1-c000.snappy.parquet"][0m will be created
[0m  [32m+[0m[0m resource "google_storage_bucket_object" "other_files_upload_to_gcs" {
      [32m+[0m[0m bucket         = "qs-s8s-data_and_code_bucket-30466744069"
      [32m+[0m[0m content        = (sensitive value)
      [32m+[0m[0m content_type   = (known after apply)
      [32m+[0m[0m crc32c         = (known after apply)
      [32m+[0m[0m detect_md5hash = "different hash"
      [32m+[0m[0m generation     = (known after apply)
      [32m+[0m[0m id             = (known after apply)
      [32m+[0m[0m kms_key_name   = (known after apply)
      [32m+[0m[0m md5hash        = (known after apply)
      [32m+[0m[0m md5hexhash     = (known after apply)
      [32m+[0m[0m media_link     = (known after apply)
      [32m+[0m[0m name           = "datasets/cust_raw_data/L1_Customer_details_raw_part-00000-fc7d6e20-dbda-4143-91b5-d9414310dfd1-c000.snappy.parquet"
      [32m+[0m[0m output_name    = (known after apply)
      [32m+[0m[0m self_link      = (known after apply)
      [32m+[0m[0m source         = "../datasets/cust_raw_data/L1_Customer_details_raw_part-00000-fc7d6e20-dbda-4143-91b5-d9414310dfd1-c000.snappy.parquet"
      [32m+[0m[0m storage_class  = (known after apply)
    }

[1m  # google_storage_bucket_object.other_files_upload_to_gcs["L1_Customer_details_raw_part-00001-fc7d6e20-dbda-4143-91b5-d9414310dfd1-c000.snappy.parquet"][0m will be created
[0m  [32m+[0m[0m resource "google_storage_bucket_object" "other_files_upload_to_gcs" {
      [32m+[0m[0m bucket         = "qs-s8s-data_and_code_bucket-30466744069"
      [32m+[0m[0m content        = (sensitive value)
      [32m+[0m[0m content_type   = (known after apply)
      [32m+[0m[0m crc32c         = (known after apply)
      [32m+[0m[0m detect_md5hash = "different hash"
      [32m+[0m[0m generation     = (known after apply)
      [32m+[0m[0m id             = (known after apply)
      [32m+[0m[0m kms_key_name   = (known after apply)
      [32m+[0m[0m md5hash        = (known after apply)
      [32m+[0m[0m md5hexhash     = (known after apply)
      [32m+[0m[0m media_link     = (known after apply)
      [32m+[0m[0m name           = "datasets/cust_raw_data/L1_Customer_details_raw_part-00001-fc7d6e20-dbda-4143-91b5-d9414310dfd1-c000.snappy.parquet"
      [32m+[0m[0m output_name    = (known after apply)
      [32m+[0m[0m self_link      = (known after apply)
      [32m+[0m[0m source         = "../datasets/cust_raw_data/L1_Customer_details_raw_part-00001-fc7d6e20-dbda-4143-91b5-d9414310dfd1-c000.snappy.parquet"
      [32m+[0m[0m storage_class  = (known after apply)
    }

[1m  # google_storage_bucket_object.other_files_upload_to_gcs["L1_Customer_details_raw_part-00002-fc7d6e20-dbda-4143-91b5-d9414310dfd1-c000.snappy.parquet"][0m will be created
[0m  [32m+[0m[0m resource "google_storage_bucket_object" "other_files_upload_to_gcs" {
      [32m+[0m[0m bucket         = "qs-s8s-data_and_code_bucket-30466744069"
      [32m+[0m[0m content        = (sensitive value)
      [32m+[0m[0m content_type   = (known after apply)
      [32m+[0m[0m crc32c         = (known after apply)
      [32m+[0m[0m detect_md5hash = "different hash"
      [32m+[0m[0m generation     = (known after apply)
      [32m+[0m[0m id             = (known after apply)
      [32m+[0m[0m kms_key_name   = (known after apply)
      [32m+[0m[0m md5hash        = (known after apply)
      [32m+[0m[0m md5hexhash     = (known after apply)
      [32m+[0m[0m media_link     = (known after apply)
      [32m+[0m[0m name           = "datasets/cust_raw_data/L1_Customer_details_raw_part-00002-fc7d6e20-dbda-4143-91b5-d9414310dfd1-c000.snappy.parquet"
      [32m+[0m[0m output_name    = (known after apply)
      [32m+[0m[0m self_link      = (known after apply)
      [32m+[0m[0m source         = "../datasets/cust_raw_data/L1_Customer_details_raw_part-00002-fc7d6e20-dbda-4143-91b5-d9414310dfd1-c000.snappy.parquet"
      [32m+[0m[0m storage_class  = (known after apply)
    }

[1m  # google_storage_bucket_object.other_files_upload_to_gcs["L1_Customer_details_raw_part-00003-fc7d6e20-dbda-4143-91b5-d9414310dfd1-c000.snappy.parquet"][0m will be created
[0m  [32m+[0m[0m resource "google_storage_bucket_object" "other_files_upload_to_gcs" {
      [32m+[0m[0m bucket         = "qs-s8s-data_and_code_bucket-30466744069"
      [32m+[0m[0m content        = (sensitive value)
      [32m+[0m[0m content_type   = (known after apply)
      [32m+[0m[0m crc32c         = (known after apply)
      [32m+[0m[0m detect_md5hash = "different hash"
      [32m+[0m[0m generation     = (known after apply)
      [32m+[0m[0m id             = (known after apply)
      [32m+[0m[0m kms_key_name   = (known after apply)
      [32m+[0m[0m md5hash        = (known after apply)
      [32m+[0m[0m md5hexhash     = (known after apply)
      [32m+[0m[0m media_link     = (known after apply)
      [32m+[0m[0m name           = "datasets/cust_raw_data/L1_Customer_details_raw_part-00003-fc7d6e20-dbda-4143-91b5-d9414310dfd1-c000.snappy.parquet"
      [32m+[0m[0m output_name    = (known after apply)
      [32m+[0m[0m self_link      = (known after apply)
      [32m+[0m[0m source         = "../datasets/cust_raw_data/L1_Customer_details_raw_part-00003-fc7d6e20-dbda-4143-91b5-d9414310dfd1-c000.snappy.parquet"
      [32m+[0m[0m storage_class  = (known after apply)
    }

[1m  # google_storage_bucket_object.pyspark_scripts_upload_to_gcs["curate_customer_data.py"][0m will be created
[0m  [32m+[0m[0m resource "google_storage_bucket_object" "pyspark_scripts_upload_to_gcs" {
      [32m+[0m[0m bucket         = "qs-s8s-data_and_code_bucket-30466744069"
      [32m+[0m[0m content        = (sensitive value)
      [32m+[0m[0m content_type   = (known after apply)
      [32m+[0m[0m crc32c         = (known after apply)
      [32m+[0m[0m detect_md5hash = "different hash"
      [32m+[0m[0m generation     = (known after apply)
      [32m+[0m[0m id             = (known after apply)
      [32m+[0m[0m kms_key_name   = (known after apply)
      [32m+[0m[0m md5hash        = (known after apply)
      [32m+[0m[0m md5hexhash     = (known after apply)
      [32m+[0m[0m media_link     = (known after apply)
      [32m+[0m[0m name           = "scripts/pyspark/curate_customer_data.py"
      [32m+[0m[0m output_name    = (known after apply)
      [32m+[0m[0m self_link      = (known after apply)
      [32m+[0m[0m source         = "../scripts/pyspark/curate_customer_data.py"
      [32m+[0m[0m storage_class  = (known after apply)
    }

[1m  # google_storage_bucket_object.pyspark_scripts_upload_to_gcs["curate_telco_performance_data.py"][0m will be created
[0m  [32m+[0m[0m resource "google_storage_bucket_object" "pyspark_scripts_upload_to_gcs" {
      [32m+[0m[0m bucket         = "qs-s8s-data_and_code_bucket-30466744069"
      [32m+[0m[0m content        = (sensitive value)
      [32m+[0m[0m content_type   = (known after apply)
      [32m+[0m[0m crc32c         = (known after apply)
      [32m+[0m[0m detect_md5hash = "different hash"
      [32m+[0m[0m generation     = (known after apply)
      [32m+[0m[0m id             = (known after apply)
      [32m+[0m[0m kms_key_name   = (known after apply)
      [32m+[0m[0m md5hash        = (known after apply)
      [32m+[0m[0m md5hexhash     = (known after apply)
      [32m+[0m[0m media_link     = (known after apply)
      [32m+[0m[0m name           = "scripts/pyspark/curate_telco_performance_data.py"
      [32m+[0m[0m output_name    = (known after apply)
      [32m+[0m[0m self_link      = (known after apply)
      [32m+[0m[0m source         = "../scripts/pyspark/curate_telco_performance_data.py"
      [32m+[0m[0m storage_class  = (known after apply)
    }

[1m  # google_storage_bucket_object.pyspark_scripts_upload_to_gcs["kpis_by_cell_tower.py"][0m will be created
[0m  [32m+[0m[0m resource "google_storage_bucket_object" "pyspark_scripts_upload_to_gcs" {
      [32m+[0m[0m bucket         = "qs-s8s-data_and_code_bucket-30466744069"
      [32m+[0m[0m content        = (sensitive value)
      [32m+[0m[0m content_type   = (known after apply)
      [32m+[0m[0m crc32c         = (known after apply)
      [32m+[0m[0m detect_md5hash = "different hash"
      [32m+[0m[0m generation     = (known after apply)
      [32m+[0m[0m id             = (known after apply)
      [32m+[0m[0m kms_key_name   = (known after apply)
      [32m+[0m[0m md5hash        = (known after apply)
      [32m+[0m[0m md5hexhash     = (known after apply)
      [32m+[0m[0m media_link     = (known after apply)
      [32m+[0m[0m name           = "scripts/pyspark/kpis_by_cell_tower.py"
      [32m+[0m[0m output_name    = (known after apply)
      [32m+[0m[0m self_link      = (known after apply)
      [32m+[0m[0m source         = "../scripts/pyspark/kpis_by_cell_tower.py"
      [32m+[0m[0m storage_class  = (known after apply)
    }

[1m  # google_storage_bucket_object.pyspark_scripts_upload_to_gcs["kpis_by_customer.py"][0m will be created
[0m  [32m+[0m[0m resource "google_storage_bucket_object" "pyspark_scripts_upload_to_gcs" {
      [32m+[0m[0m bucket         = "qs-s8s-data_and_code_bucket-30466744069"
      [32m+[0m[0m content        = (sensitive value)
      [32m+[0m[0m content_type   = (known after apply)
      [32m+[0m[0m crc32c         = (known after apply)
      [32m+[0m[0m detect_md5hash = "different hash"
      [32m+[0m[0m generation     = (known after apply)
      [32m+[0m[0m id             = (known after apply)
      [32m+[0m[0m kms_key_name   = (known after apply)
      [32m+[0m[0m md5hash        = (known after apply)
      [32m+[0m[0m md5hexhash     = (known after apply)
      [32m+[0m[0m media_link     = (known after apply)
      [32m+[0m[0m name           = "scripts/pyspark/kpis_by_customer.py"
      [32m+[0m[0m output_name    = (known after apply)
      [32m+[0m[0m self_link      = (known after apply)
      [32m+[0m[0m source         = "../scripts/pyspark/kpis_by_customer.py"
      [32m+[0m[0m storage_class  = (known after apply)
    }

[1m  # time_sleep.sleep_after_bucket_creation[0m will be created
[0m  [32m+[0m[0m resource "time_sleep" "sleep_after_bucket_creation" {
      [32m+[0m[0m create_duration = "60s"
      [32m+[0m[0m id              = (known after apply)
    }

[1m  # time_sleep.sleep_after_identities_permissions[0m will be created
[0m  [32m+[0m[0m resource "time_sleep" "sleep_after_identities_permissions" {
      [32m+[0m[0m create_duration = "120s"
      [32m+[0m[0m id              = (known after apply)
    }

[1m  # time_sleep.sleep_after_network_and_firewall_creation[0m will be created
[0m  [32m+[0m[0m resource "time_sleep" "sleep_after_network_and_firewall_creation" {
      [32m+[0m[0m create_duration = "120s"
      [32m+[0m[0m id              = (known after apply)
    }

[1m  # time_sleep.sleep_after_network_and_storage_steps[0m will be created
[0m  [32m+[0m[0m resource "time_sleep" "sleep_after_network_and_storage_steps" {
      [32m+[0m[0m create_duration = "120s"
      [32m+[0m[0m id              = (known after apply)
    }

[1m  # module.administrator_role_grants.google_project_iam_member.project_iam_additive["default--roles/bigquery.admin--user:admin@akhanolkar.altostrat.com"][0m will be created
[0m  [32m+[0m[0m resource "google_project_iam_member" "project_iam_additive" {
      [32m+[0m[0m etag    = (known after apply)
      [32m+[0m[0m id      = (known after apply)
      [32m+[0m[0m member  = "user:admin@akhanolkar.altostrat.com"
      [32m+[0m[0m project = "lakehouse-solutions-build"
      [32m+[0m[0m role    = "roles/bigquery.admin"
    }

[1m  # module.administrator_role_grants.google_project_iam_member.project_iam_additive["default--roles/bigquery.dataEditor--user:admin@akhanolkar.altostrat.com"][0m will be created
[0m  [32m+[0m[0m resource "google_project_iam_member" "project_iam_additive" {
      [32m+[0m[0m etag    = (known after apply)
      [32m+[0m[0m id      = (known after apply)
      [32m+[0m[0m member  = "user:admin@akhanolkar.altostrat.com"
      [32m+[0m[0m project = "lakehouse-solutions-build"
      [32m+[0m[0m role    = "roles/bigquery.dataEditor"
    }

[1m  # module.administrator_role_grants.google_project_iam_member.project_iam_additive["default--roles/bigquery.jobUser--user:admin@akhanolkar.altostrat.com"][0m will be created
[0m  [32m+[0m[0m resource "google_project_iam_member" "project_iam_additive" {
      [32m+[0m[0m etag    = (known after apply)
      [32m+[0m[0m id      = (known after apply)
      [32m+[0m[0m member  = "user:admin@akhanolkar.altostrat.com"
      [32m+[0m[0m project = "lakehouse-solutions-build"
      [32m+[0m[0m role    = "roles/bigquery.jobUser"
    }

[1m  # module.administrator_role_grants.google_project_iam_member.project_iam_additive["default--roles/bigquery.user--user:admin@akhanolkar.altostrat.com"][0m will be created
[0m  [32m+[0m[0m resource "google_project_iam_member" "project_iam_additive" {
      [32m+[0m[0m etag    = (known after apply)
      [32m+[0m[0m id      = (known after apply)
      [32m+[0m[0m member  = "user:admin@akhanolkar.altostrat.com"
      [32m+[0m[0m project = "lakehouse-solutions-build"
      [32m+[0m[0m role    = "roles/bigquery.user"
    }

[1m  # module.administrator_role_grants.google_project_iam_member.project_iam_additive["default--roles/composer.admin--user:admin@akhanolkar.altostrat.com"][0m will be created
[0m  [32m+[0m[0m resource "google_project_iam_member" "project_iam_additive" {
      [32m+[0m[0m etag    = (known after apply)
      [32m+[0m[0m id      = (known after apply)
      [32m+[0m[0m member  = "user:admin@akhanolkar.altostrat.com"
      [32m+[0m[0m project = "lakehouse-solutions-build"
      [32m+[0m[0m role    = "roles/composer.admin"
    }

[1m  # module.administrator_role_grants.google_project_iam_member.project_iam_additive["default--roles/composer.environmentAndStorageObjectViewer--user:admin@akhanolkar.altostrat.com"][0m will be created
[0m  [32m+[0m[0m resource "google_project_iam_member" "project_iam_additive" {
      [32m+[0m[0m etag    = (known after apply)
      [32m+[0m[0m id      = (known after apply)
      [32m+[0m[0m member  = "user:admin@akhanolkar.altostrat.com"
      [32m+[0m[0m project = "lakehouse-solutions-build"
      [32m+[0m[0m role    = "roles/composer.environmentAndStorageObjectViewer"
    }

[1m  # module.administrator_role_grants.google_project_iam_member.project_iam_additive["default--roles/dataproc.admin--user:admin@akhanolkar.altostrat.com"][0m will be created
[0m  [32m+[0m[0m resource "google_project_iam_member" "project_iam_additive" {
      [32m+[0m[0m etag    = (known after apply)
      [32m+[0m[0m id      = (known after apply)
      [32m+[0m[0m member  = "user:admin@akhanolkar.altostrat.com"
      [32m+[0m[0m project = "lakehouse-solutions-build"
      [32m+[0m[0m role    = "roles/dataproc.admin"
    }

[1m  # module.administrator_role_grants.google_project_iam_member.project_iam_additive["default--roles/iam.serviceAccountTokenCreator--user:admin@akhanolkar.altostrat.com"][0m will be created
[0m  [32m+[0m[0m resource "google_project_iam_member" "project_iam_additive" {
      [32m+[0m[0m etag    = (known after apply)
      [32m+[0m[0m id      = (known after apply)
      [32m+[0m[0m member  = "user:admin@akhanolkar.altostrat.com"
      [32m+[0m[0m project = "lakehouse-solutions-build"
      [32m+[0m[0m role    = "roles/iam.serviceAccountTokenCreator"
    }

[1m  # module.administrator_role_grants.google_project_iam_member.project_iam_additive["default--roles/iam.serviceAccountUser--user:admin@akhanolkar.altostrat.com"][0m will be created
[0m  [32m+[0m[0m resource "google_project_iam_member" "project_iam_additive" {
      [32m+[0m[0m etag    = (known after apply)
      [32m+[0m[0m id      = (known after apply)
      [32m+[0m[0m member  = "user:admin@akhanolkar.altostrat.com"
      [32m+[0m[0m project = "lakehouse-solutions-build"
      [32m+[0m[0m role    = "roles/iam.serviceAccountUser"
    }

[1m  # module.administrator_role_grants.google_project_iam_member.project_iam_additive["default--roles/storage.admin--user:admin@akhanolkar.altostrat.com"][0m will be created
[0m  [32m+[0m[0m resource "google_project_iam_member" "project_iam_additive" {
      [32m+[0m[0m etag    = (known after apply)
      [32m+[0m[0m id      = (known after apply)
      [32m+[0m[0m member  = "user:admin@akhanolkar.altostrat.com"
      [32m+[0m[0m project = "lakehouse-solutions-build"
      [32m+[0m[0m role    = "roles/storage.admin"
    }

[1m  # module.gmsa_role_grants_cc.google_project_iam_member.project_iam_member["roles/composer.ServiceAgentV2Ext"][0m will be created
[0m  [32m+[0m[0m resource "google_project_iam_member" "project_iam_member" {
      [32m+[0m[0m etag    = (known after apply)
      [32m+[0m[0m id      = (known after apply)
      [32m+[0m[0m member  = "serviceAccount:service-30466744069@cloudcomposer-accounts.iam.gserviceaccount.com"
      [32m+[0m[0m project = "lakehouse-solutions-build"
      [32m+[0m[0m role    = "roles/composer.ServiceAgentV2Ext"
    }

[1m  # module.gmsa_role_grants_gce.google_project_iam_member.project_iam_member["roles/editor"][0m will be created
[0m  [32m+[0m[0m resource "google_project_iam_member" "project_iam_member" {
      [32m+[0m[0m etag    = (known after apply)
      [32m+[0m[0m id      = (known after apply)
      [32m+[0m[0m member  = "serviceAccount:30466744069-compute@developer.gserviceaccount.com"
      [32m+[0m[0m project = "lakehouse-solutions-build"
      [32m+[0m[0m role    = "roles/editor"
    }

[1m  # module.umsa_creation.google_service_account.service_accounts["s8s-lab-sa"][0m will be created
[0m  [32m+[0m[0m resource "google_service_account" "service_accounts" {
      [32m+[0m[0m account_id   = "s8s-lab-sa"
      [32m+[0m[0m description  = "User Managed Service Account for Serverless Spark"
      [32m+[0m[0m disabled     = false
      [32m+[0m[0m display_name = "User Managed Service Account"
      [32m+[0m[0m email        = "s8s-lab-sa@lakehouse-solutions-build.iam.gserviceaccount.com"
      [32m+[0m[0m id           = (known after apply)
      [32m+[0m[0m member       = "serviceAccount:s8s-lab-sa@lakehouse-solutions-build.iam.gserviceaccount.com"
      [32m+[0m[0m name         = (known after apply)
      [32m+[0m[0m project      = "lakehouse-solutions-build"
      [32m+[0m[0m unique_id    = (known after apply)
    }

[1m  # module.umsa_impersonate_privs_to_admin.google_service_account_iam_member.service_account_iam_additive["default--roles/iam.serviceAccountTokenCreator--user:admin@akhanolkar.altostrat.com"][0m will be created
[0m  [32m+[0m[0m resource "google_service_account_iam_member" "service_account_iam_additive" {
      [32m+[0m[0m etag               = (known after apply)
      [32m+[0m[0m id                 = (known after apply)
      [32m+[0m[0m member             = "user:admin@akhanolkar.altostrat.com"
      [32m+[0m[0m role               = "roles/iam.serviceAccountTokenCreator"
      [32m+[0m[0m service_account_id = "projects/lakehouse-solutions-build/serviceAccounts/s8s-lab-sa@lakehouse-solutions-build.iam.gserviceaccount.com"
    }

[1m  # module.umsa_impersonate_privs_to_admin.google_service_account_iam_member.service_account_iam_additive["default--roles/iam.serviceAccountUser--user:admin@akhanolkar.altostrat.com"][0m will be created
[0m  [32m+[0m[0m resource "google_service_account_iam_member" "service_account_iam_additive" {
      [32m+[0m[0m etag               = (known after apply)
      [32m+[0m[0m id                 = (known after apply)
      [32m+[0m[0m member             = "user:admin@akhanolkar.altostrat.com"
      [32m+[0m[0m role               = "roles/iam.serviceAccountUser"
      [32m+[0m[0m service_account_id = "projects/lakehouse-solutions-build/serviceAccounts/s8s-lab-sa@lakehouse-solutions-build.iam.gserviceaccount.com"
    }

[1m  # module.umsa_role_grants.google_project_iam_member.project_iam_member["roles/bigquery.admin"][0m will be created
[0m  [32m+[0m[0m resource "google_project_iam_member" "project_iam_member" {
      [32m+[0m[0m etag    = (known after apply)
      [32m+[0m[0m id      = (known after apply)
      [32m+[0m[0m member  = "serviceAccount:s8s-lab-sa@lakehouse-solutions-build.iam.gserviceaccount.com"
      [32m+[0m[0m project = "lakehouse-solutions-build"
      [32m+[0m[0m role    = "roles/bigquery.admin"
    }

[1m  # module.umsa_role_grants.google_project_iam_member.project_iam_member["roles/bigquery.dataEditor"][0m will be created
[0m  [32m+[0m[0m resource "google_project_iam_member" "project_iam_member" {
      [32m+[0m[0m etag    = (known after apply)
      [32m+[0m[0m id      = (known after apply)
      [32m+[0m[0m member  = "serviceAccount:s8s-lab-sa@lakehouse-solutions-build.iam.gserviceaccount.com"
      [32m+[0m[0m project = "lakehouse-solutions-build"
      [32m+[0m[0m role    = "roles/bigquery.dataEditor"
    }

[1m  # module.umsa_role_grants.google_project_iam_member.project_iam_member["roles/composer.admin"][0m will be created
[0m  [32m+[0m[0m resource "google_project_iam_member" "project_iam_member" {
      [32m+[0m[0m etag    = (known after apply)
      [32m+[0m[0m id      = (known after apply)
      [32m+[0m[0m member  = "serviceAccount:s8s-lab-sa@lakehouse-solutions-build.iam.gserviceaccount.com"
      [32m+[0m[0m project = "lakehouse-solutions-build"
      [32m+[0m[0m role    = "roles/composer.admin"
    }

[1m  # module.umsa_role_grants.google_project_iam_member.project_iam_member["roles/composer.worker"][0m will be created
[0m  [32m+[0m[0m resource "google_project_iam_member" "project_iam_member" {
      [32m+[0m[0m etag    = (known after apply)
      [32m+[0m[0m id      = (known after apply)
      [32m+[0m[0m member  = "serviceAccount:s8s-lab-sa@lakehouse-solutions-build.iam.gserviceaccount.com"
      [32m+[0m[0m project = "lakehouse-solutions-build"
      [32m+[0m[0m role    = "roles/composer.worker"
    }

[1m  # module.umsa_role_grants.google_project_iam_member.project_iam_member["roles/dataproc.editor"][0m will be created
[0m  [32m+[0m[0m resource "google_project_iam_member" "project_iam_member" {
      [32m+[0m[0m etag    = (known after apply)
      [32m+[0m[0m id      = (known after apply)
      [32m+[0m[0m member  = "serviceAccount:s8s-lab-sa@lakehouse-solutions-build.iam.gserviceaccount.com"
      [32m+[0m[0m project = "lakehouse-solutions-build"
      [32m+[0m[0m role    = "roles/dataproc.editor"
    }

[1m  # module.umsa_role_grants.google_project_iam_member.project_iam_member["roles/dataproc.worker"][0m will be created
[0m  [32m+[0m[0m resource "google_project_iam_member" "project_iam_member" {
      [32m+[0m[0m etag    = (known after apply)
      [32m+[0m[0m id      = (known after apply)
      [32m+[0m[0m member  = "serviceAccount:s8s-lab-sa@lakehouse-solutions-build.iam.gserviceaccount.com"
      [32m+[0m[0m project = "lakehouse-solutions-build"
      [32m+[0m[0m role    = "roles/dataproc.worker"
    }

[1m  # module.umsa_role_grants.google_project_iam_member.project_iam_member["roles/iam.serviceAccountTokenCreator"][0m will be created
[0m  [32m+[0m[0m resource "google_project_iam_member" "project_iam_member" {
      [32m+[0m[0m etag    = (known after apply)
      [32m+[0m[0m id      = (known after apply)
      [32m+[0m[0m member  = "serviceAccount:s8s-lab-sa@lakehouse-solutions-build.iam.gserviceaccount.com"
      [32m+[0m[0m project = "lakehouse-solutions-build"
      [32m+[0m[0m role    = "roles/iam.serviceAccountTokenCreator"
    }

[1m  # module.umsa_role_grants.google_project_iam_member.project_iam_member["roles/iam.serviceAccountUser"][0m will be created
[0m  [32m+[0m[0m resource "google_project_iam_member" "project_iam_member" {
      [32m+[0m[0m etag    = (known after apply)
      [32m+[0m[0m id      = (known after apply)
      [32m+[0m[0m member  = "serviceAccount:s8s-lab-sa@lakehouse-solutions-build.iam.gserviceaccount.com"
      [32m+[0m[0m project = "lakehouse-solutions-build"
      [32m+[0m[0m role    = "roles/iam.serviceAccountUser"
    }

[1m  # module.umsa_role_grants.google_project_iam_member.project_iam_member["roles/storage.admin"][0m will be created
[0m  [32m+[0m[0m resource "google_project_iam_member" "project_iam_member" {
      [32m+[0m[0m etag    = (known after apply)
      [32m+[0m[0m id      = (known after apply)
      [32m+[0m[0m member  = "serviceAccount:s8s-lab-sa@lakehouse-solutions-build.iam.gserviceaccount.com"
      [32m+[0m[0m project = "lakehouse-solutions-build"
      [32m+[0m[0m role    = "roles/storage.admin"
    }

[1m  # module.umsa_role_grants.google_project_iam_member.project_iam_member["roles/storage.objectViewer"][0m will be created
[0m  [32m+[0m[0m resource "google_project_iam_member" "project_iam_member" {
      [32m+[0m[0m etag    = (known after apply)
      [32m+[0m[0m id      = (known after apply)
      [32m+[0m[0m member  = "serviceAccount:s8s-lab-sa@lakehouse-solutions-build.iam.gserviceaccount.com"
      [32m+[0m[0m project = "lakehouse-solutions-build"
      [32m+[0m[0m role    = "roles/storage.objectViewer"
    }

[1m  # module.vpc_creation.module.subnets.google_compute_subnetwork.subnetwork["us-central1/spark-snet"][0m will be created
[0m  [32m+[0m[0m resource "google_compute_subnetwork" "subnetwork" {
      [32m+[0m[0m creation_timestamp         = (known after apply)
      [32m+[0m[0m enable_flow_logs           = (known after apply)
      [32m+[0m[0m external_ipv6_prefix       = (known after apply)
      [32m+[0m[0m fingerprint                = (known after apply)
      [32m+[0m[0m gateway_address            = (known after apply)
      [32m+[0m[0m id                         = (known after apply)
      [32m+[0m[0m internal_ipv6_prefix       = (known after apply)
      [32m+[0m[0m ip_cidr_range              = "10.0.0.0/16"
      [32m+[0m[0m ipv6_cidr_range            = (known after apply)
      [32m+[0m[0m ipv6_gce_endpoint          = (known after apply)
      [32m+[0m[0m name                       = "spark-snet"
      [32m+[0m[0m network                    = "qs-s8s-vpc-30466744069"
      [32m+[0m[0m private_ip_google_access   = true
      [32m+[0m[0m private_ipv6_google_access = (known after apply)
      [32m+[0m[0m project                    = "lakehouse-solutions-build"
      [32m+[0m[0m purpose                    = (known after apply)
      [32m+[0m[0m region                     = "us-central1"
      [32m+[0m[0m self_link                  = (known after apply)
      [32m+[0m[0m stack_type                 = (known after apply)
      [32m+[0m[0m state                      = (known after apply)
      [32m+[0m[0m subnetwork_id              = (known after apply)
    }

[1m  # module.vpc_creation.module.vpc.google_compute_network.network[0m will be created
[0m  [32m+[0m[0m resource "google_compute_network" "network" {
      [32m+[0m[0m auto_create_subnetworks                   = false
      [32m+[0m[0m bgp_always_compare_med                    = (known after apply)
      [32m+[0m[0m bgp_best_path_selection_mode              = (known after apply)
      [32m+[0m[0m bgp_inter_region_cost                     = (known after apply)
      [32m+[0m[0m delete_default_routes_on_create           = false
      [32m+[0m[0m enable_ula_internal_ipv6                  = false
      [32m+[0m[0m gateway_ipv4                              = (known after apply)
      [32m+[0m[0m id                                        = (known after apply)
      [32m+[0m[0m internal_ipv6_range                       = (known after apply)
      [32m+[0m[0m mtu                                       = 0
      [32m+[0m[0m name                                      = "qs-s8s-vpc-30466744069"
      [32m+[0m[0m network_firewall_policy_enforcement_order = "AFTER_CLASSIC_FIREWALL"
      [32m+[0m[0m network_id                                = (known after apply)
      [32m+[0m[0m numeric_id                                = (known after apply)
      [32m+[0m[0m project                                   = "lakehouse-solutions-build"
      [32m+[0m[0m routing_mode                              = "REGIONAL"
      [32m+[0m[0m self_link                                 = (known after apply)
    }

[1mPlan:[0m 46 to add, 0 to change, 0 to destroy.
[0m
Changes to Outputs:
  [32m+[0m[0m CODE_AND_DATA_BUCKET         = "qs-s8s-data_and_code_bucket-30466744069"
  [32m+[0m[0m LOCATION                     = "us-central1"
  [32m+[0m[0m PERSISTENT_HISTORY_SERVER_NM = "qs-s8s-sphs-30466744069"
  [32m+[0m[0m PROJECT_ID                   = "lakehouse-solutions-build"
  [32m+[0m[0m PROJECT_NBR                  = "30466744069"
  [32m+[0m[0m SPARK_SERVERLESS_SUBNET      = "spark-snet"
  [32m+[0m[0m UMSA_FQN                     = "s8s-lab-sa@lakehouse-solutions-build.iam.gserviceaccount.com"
  [32m+[0m[0m VPC_NM                       = "qs-s8s-vpc-30466744069"
