
Terraform used the selected providers to generate the following execution
plan. Resource actions are indicated with the following symbols:
  [32m+[0m create[0m

Terraform planned the following actions, but then encountered a problem:

[1m  # google_project_organization_policy.orgPolicyUpdate_disableSerialPortLogging[0m will be created
[0m  [32m+[0m[0m resource "google_project_organization_policy" "orgPolicyUpdate_disableSerialPortLogging" {
      [32m+[0m[0m constraint  = "compute.disableSerialPortLogging"
      [32m+[0m[0m etag        = (known after apply)
      [32m+[0m[0m id          = (known after apply)
      [32m+[0m[0m update_time = (known after apply)
      [32m+[0m[0m version     = (known after apply)

      [32m+[0m[0m boolean_policy {
          [32m+[0m[0m enforced = false
        }
    }

[1m  # google_project_organization_policy.orgPolicyUpdate_requireOsLogin[0m will be created
[0m  [32m+[0m[0m resource "google_project_organization_policy" "orgPolicyUpdate_requireOsLogin" {
      [32m+[0m[0m constraint  = "compute.requireOsLogin"
      [32m+[0m[0m etag        = (known after apply)
      [32m+[0m[0m id          = (known after apply)
      [32m+[0m[0m update_time = (known after apply)
      [32m+[0m[0m version     = (known after apply)

      [32m+[0m[0m boolean_policy {
          [32m+[0m[0m enforced = false
        }
    }

[1m  # google_project_organization_policy.orgPolicyUpdate_requireShieldedVm[0m will be created
[0m  [32m+[0m[0m resource "google_project_organization_policy" "orgPolicyUpdate_requireShieldedVm" {
      [32m+[0m[0m constraint  = "compute.requireShieldedVm"
      [32m+[0m[0m etag        = (known after apply)
      [32m+[0m[0m id          = (known after apply)
      [32m+[0m[0m update_time = (known after apply)
      [32m+[0m[0m version     = (known after apply)

      [32m+[0m[0m boolean_policy {
          [32m+[0m[0m enforced = false
        }
    }

[1m  # google_project_organization_policy.orgPolicyUpdate_restrictVpcPeering[0m will be created
[0m  [32m+[0m[0m resource "google_project_organization_policy" "orgPolicyUpdate_restrictVpcPeering" {
      [32m+[0m[0m constraint  = "compute.restrictVpcPeering"
      [32m+[0m[0m etag        = (known after apply)
      [32m+[0m[0m id          = (known after apply)
      [32m+[0m[0m update_time = (known after apply)
      [32m+[0m[0m version     = (known after apply)

      [32m+[0m[0m list_policy {
          [32m+[0m[0m suggested_value = (known after apply)

          [32m+[0m[0m allow {
              [32m+[0m[0m all = true
            }
        }
    }

[1m  # google_project_organization_policy.orgPolicyUpdate_vmCanIpForward[0m will be created
[0m  [32m+[0m[0m resource "google_project_organization_policy" "orgPolicyUpdate_vmCanIpForward" {
      [32m+[0m[0m constraint  = "compute.vmCanIpForward"
      [32m+[0m[0m etag        = (known after apply)
      [32m+[0m[0m id          = (known after apply)
      [32m+[0m[0m update_time = (known after apply)
      [32m+[0m[0m version     = (known after apply)

      [32m+[0m[0m list_policy {
          [32m+[0m[0m suggested_value = (known after apply)

          [32m+[0m[0m allow {
              [32m+[0m[0m all = true
            }
        }
    }

[1m  # google_project_organization_policy.orgPolicyUpdate_vmExternalIpAccess[0m will be created
[0m  [32m+[0m[0m resource "google_project_organization_policy" "orgPolicyUpdate_vmExternalIpAccess" {
      [32m+[0m[0m constraint  = "compute.vmExternalIpAccess"
      [32m+[0m[0m etag        = (known after apply)
      [32m+[0m[0m id          = (known after apply)
      [32m+[0m[0m update_time = (known after apply)
      [32m+[0m[0m version     = (known after apply)

      [32m+[0m[0m list_policy {
          [32m+[0m[0m suggested_value = (known after apply)

          [32m+[0m[0m allow {
              [32m+[0m[0m all = true
            }
        }
    }

[1mPlan:[0m 6 to add, 0 to change, 0 to destroy.
[0m
Terraform used the selected providers to generate the following execution
plan. Resource actions are indicated with the following symbols:
  [32m+[0m create[0m

Terraform will perform the following actions:

[1m  # google_project_organization_policy.orgPolicyUpdate_disableSerialPortLogging[0m will be created
[0m  [32m+[0m[0m resource "google_project_organization_policy" "orgPolicyUpdate_disableSerialPortLogging" {
      [32m+[0m[0m constraint  = "compute.disableSerialPortLogging"
      [32m+[0m[0m etag        = (known after apply)
      [32m+[0m[0m id          = (known after apply)
      [32m+[0m[0m project     = "lakehouse-solutions-build"
      [32m+[0m[0m update_time = (known after apply)
      [32m+[0m[0m version     = (known after apply)

      [32m+[0m[0m boolean_policy {
          [32m+[0m[0m enforced = false
        }
    }

[1m  # google_project_organization_policy.orgPolicyUpdate_requireOsLogin[0m will be created
[0m  [32m+[0m[0m resource "google_project_organization_policy" "orgPolicyUpdate_requireOsLogin" {
      [32m+[0m[0m constraint  = "compute.requireOsLogin"
      [32m+[0m[0m etag        = (known after apply)
      [32m+[0m[0m id          = (known after apply)
      [32m+[0m[0m project     = "lakehouse-solutions-build"
      [32m+[0m[0m update_time = (known after apply)
      [32m+[0m[0m version     = (known after apply)

      [32m+[0m[0m boolean_policy {
          [32m+[0m[0m enforced = false
        }
    }

[1m  # google_project_organization_policy.orgPolicyUpdate_requireShieldedVm[0m will be created
[0m  [32m+[0m[0m resource "google_project_organization_policy" "orgPolicyUpdate_requireShieldedVm" {
      [32m+[0m[0m constraint  = "compute.requireShieldedVm"
      [32m+[0m[0m etag        = (known after apply)
      [32m+[0m[0m id          = (known after apply)
      [32m+[0m[0m project     = "lakehouse-solutions-build"
      [32m+[0m[0m update_time = (known after apply)
      [32m+[0m[0m version     = (known after apply)

      [32m+[0m[0m boolean_policy {
          [32m+[0m[0m enforced = false
        }
    }

[1m  # google_project_organization_policy.orgPolicyUpdate_restrictVpcPeering[0m will be created
[0m  [32m+[0m[0m resource "google_project_organization_policy" "orgPolicyUpdate_restrictVpcPeering" {
      [32m+[0m[0m constraint  = "compute.restrictVpcPeering"
      [32m+[0m[0m etag        = (known after apply)
      [32m+[0m[0m id          = (known after apply)
      [32m+[0m[0m project     = "lakehouse-solutions-build"
      [32m+[0m[0m update_time = (known after apply)
      [32m+[0m[0m version     = (known after apply)

      [32m+[0m[0m list_policy {
          [32m+[0m[0m suggested_value = (known after apply)

          [32m+[0m[0m allow {
              [32m+[0m[0m all = true
            }
        }
    }

[1m  # google_project_organization_policy.orgPolicyUpdate_vmCanIpForward[0m will be created
[0m  [32m+[0m[0m resource "google_project_organization_policy" "orgPolicyUpdate_vmCanIpForward" {
      [32m+[0m[0m constraint  = "compute.vmCanIpForward"
      [32m+[0m[0m etag        = (known after apply)
      [32m+[0m[0m id          = (known after apply)
      [32m+[0m[0m project     = "lakehouse-solutions-build"
      [32m+[0m[0m update_time = (known after apply)
      [32m+[0m[0m version     = (known after apply)

      [32m+[0m[0m list_policy {
          [32m+[0m[0m suggested_value = (known after apply)

          [32m+[0m[0m allow {
              [32m+[0m[0m all = true
            }
        }
    }

[1m  # google_project_organization_policy.orgPolicyUpdate_vmExternalIpAccess[0m will be created
[0m  [32m+[0m[0m resource "google_project_organization_policy" "orgPolicyUpdate_vmExternalIpAccess" {
      [32m+[0m[0m constraint  = "compute.vmExternalIpAccess"
      [32m+[0m[0m etag        = (known after apply)
      [32m+[0m[0m id          = (known after apply)
      [32m+[0m[0m project     = "lakehouse-solutions-build"
      [32m+[0m[0m update_time = (known after apply)
      [32m+[0m[0m version     = (known after apply)

      [32m+[0m[0m list_policy {
          [32m+[0m[0m suggested_value = (known after apply)

          [32m+[0m[0m allow {
              [32m+[0m[0m all = true
            }
        }
    }

[1m  # google_project_service.enable_aiplatform_google_apis[0m will be created
[0m  [32m+[0m[0m resource "google_project_service" "enable_aiplatform_google_apis" {
      [32m+[0m[0m disable_dependent_services = true
      [32m+[0m[0m id                         = (known after apply)
      [32m+[0m[0m project                    = "lakehouse-solutions-build"
      [32m+[0m[0m service                    = "aiplatform.googleapis.com"
    }

[1m  # google_project_service.enable_biglake_google_apis[0m will be created
[0m  [32m+[0m[0m resource "google_project_service" "enable_biglake_google_apis" {
      [32m+[0m[0m disable_dependent_services = true
      [32m+[0m[0m id                         = (known after apply)
      [32m+[0m[0m project                    = "lakehouse-solutions-build"
      [32m+[0m[0m service                    = "biglake.googleapis.com"
    }

[1m  # google_project_service.enable_bigquery_google_apis[0m will be created
[0m  [32m+[0m[0m resource "google_project_service" "enable_bigquery_google_apis" {
      [32m+[0m[0m disable_dependent_services = true
      [32m+[0m[0m id                         = (known after apply)
      [32m+[0m[0m project                    = "lakehouse-solutions-build"
      [32m+[0m[0m service                    = "bigquery.googleapis.com"
    }

[1m  # google_project_service.enable_composer_google_apis[0m will be created
[0m  [32m+[0m[0m resource "google_project_service" "enable_composer_google_apis" {
      [32m+[0m[0m disable_dependent_services = true
      [32m+[0m[0m id                         = (known after apply)
      [32m+[0m[0m project                    = "lakehouse-solutions-build"
      [32m+[0m[0m service                    = "composer.googleapis.com"
    }

[1m  # google_project_service.enable_compute_google_apis[0m will be created
[0m  [32m+[0m[0m resource "google_project_service" "enable_compute_google_apis" {
      [32m+[0m[0m disable_dependent_services = true
      [32m+[0m[0m id                         = (known after apply)
      [32m+[0m[0m project                    = "lakehouse-solutions-build"
      [32m+[0m[0m service                    = "compute.googleapis.com"
    }

[1m  # google_project_service.enable_container_google_apis[0m will be created
[0m  [32m+[0m[0m resource "google_project_service" "enable_container_google_apis" {
      [32m+[0m[0m disable_dependent_services = true
      [32m+[0m[0m id                         = (known after apply)
      [32m+[0m[0m project                    = "lakehouse-solutions-build"
      [32m+[0m[0m service                    = "container.googleapis.com"
    }

[1m  # google_project_service.enable_containerregistry_google_apis[0m will be created
[0m  [32m+[0m[0m resource "google_project_service" "enable_containerregistry_google_apis" {
      [32m+[0m[0m disable_dependent_services = true
      [32m+[0m[0m id                         = (known after apply)
      [32m+[0m[0m project                    = "lakehouse-solutions-build"
      [32m+[0m[0m service                    = "containerregistry.googleapis.com"
    }

[1m  # google_project_service.enable_datacatalog_google_apis[0m will be created
[0m  [32m+[0m[0m resource "google_project_service" "enable_datacatalog_google_apis" {
      [32m+[0m[0m disable_dependent_services = true
      [32m+[0m[0m id                         = (known after apply)
      [32m+[0m[0m project                    = "lakehouse-solutions-build"
      [32m+[0m[0m service                    = "datacatalog.googleapis.com"
    }

[1m  # google_project_service.enable_datalineage_google_apis[0m will be created
[0m  [32m+[0m[0m resource "google_project_service" "enable_datalineage_google_apis" {
      [32m+[0m[0m disable_dependent_services = true
      [32m+[0m[0m id                         = (known after apply)
      [32m+[0m[0m project                    = "lakehouse-solutions-build"
      [32m+[0m[0m service                    = "datalineage.googleapis.com"
    }

[1m  # google_project_service.enable_dataplex_google_apis[0m will be created
[0m  [32m+[0m[0m resource "google_project_service" "enable_dataplex_google_apis" {
      [32m+[0m[0m disable_dependent_services = true
      [32m+[0m[0m id                         = (known after apply)
      [32m+[0m[0m project                    = "lakehouse-solutions-build"
      [32m+[0m[0m service                    = "dataplex.googleapis.com"
    }

[1m  # google_project_service.enable_dataproc_google_apis[0m will be created
[0m  [32m+[0m[0m resource "google_project_service" "enable_dataproc_google_apis" {
      [32m+[0m[0m disable_dependent_services = true
      [32m+[0m[0m id                         = (known after apply)
      [32m+[0m[0m project                    = "lakehouse-solutions-build"
      [32m+[0m[0m service                    = "dataproc.googleapis.com"
    }

[1m  # google_project_service.enable_logging_google_apis[0m will be created
[0m  [32m+[0m[0m resource "google_project_service" "enable_logging_google_apis" {
      [32m+[0m[0m disable_dependent_services = true
      [32m+[0m[0m id                         = (known after apply)
      [32m+[0m[0m project                    = "lakehouse-solutions-build"
      [32m+[0m[0m service                    = "logging.googleapis.com"
    }

[1m  # google_project_service.enable_monitoring_google_apis[0m will be created
[0m  [32m+[0m[0m resource "google_project_service" "enable_monitoring_google_apis" {
      [32m+[0m[0m disable_dependent_services = true
      [32m+[0m[0m id                         = (known after apply)
      [32m+[0m[0m project                    = "lakehouse-solutions-build"
      [32m+[0m[0m service                    = "monitoring.googleapis.com"
    }

[1m  # google_project_service.enable_notebooks_google_apis[0m will be created
[0m  [32m+[0m[0m resource "google_project_service" "enable_notebooks_google_apis" {
      [32m+[0m[0m disable_dependent_services = true
      [32m+[0m[0m id                         = (known after apply)
      [32m+[0m[0m project                    = "lakehouse-solutions-build"
      [32m+[0m[0m service                    = "notebooks.googleapis.com"
    }

[1m  # google_project_service.enable_orgpolicy_google_apis[0m will be created
[0m  [32m+[0m[0m resource "google_project_service" "enable_orgpolicy_google_apis" {
      [32m+[0m[0m disable_dependent_services = true
      [32m+[0m[0m id                         = (known after apply)
      [32m+[0m[0m project                    = "lakehouse-solutions-build"
      [32m+[0m[0m service                    = "orgpolicy.googleapis.com"
    }

[1m  # google_project_service.enable_storage_google_apis[0m will be created
[0m  [32m+[0m[0m resource "google_project_service" "enable_storage_google_apis" {
      [32m+[0m[0m disable_dependent_services = true
      [32m+[0m[0m id                         = (known after apply)
      [32m+[0m[0m project                    = "lakehouse-solutions-build"
      [32m+[0m[0m service                    = "storage.googleapis.com"
    }

[1m  # time_sleep.sleep_after_api_enabling[0m will be created
[0m  [32m+[0m[0m resource "time_sleep" "sleep_after_api_enabling" {
      [32m+[0m[0m create_duration = "180s"
      [32m+[0m[0m id              = (known after apply)
    }

[1mPlan:[0m 23 to add, 0 to change, 0 to destroy.
[0m[0m[1mgoogle_project_service.enable_logging_google_apis: Creating...[0m[0m
[0m[1mgoogle_project_service.enable_biglake_google_apis: Creating...[0m[0m
[0m[1mgoogle_project_service.enable_aiplatform_google_apis: Creating...[0m[0m
[0m[1mgoogle_project_service.enable_composer_google_apis: Creating...[0m[0m
[0m[1mgoogle_project_service.enable_container_google_apis: Creating...[0m[0m
[0m[1mgoogle_project_service.enable_datacatalog_google_apis: Creating...[0m[0m
[0m[1mgoogle_project_organization_policy.orgPolicyUpdate_disableSerialPortLogging: Creating...[0m[0m
[0m[1mgoogle_project_service.enable_storage_google_apis: Creating...[0m[0m
[0m[1mgoogle_project_organization_policy.orgPolicyUpdate_vmExternalIpAccess: Creating...[0m[0m
[0m[1mgoogle_project_organization_policy.orgPolicyUpdate_vmCanIpForward: Creating...[0m[0m
[0m[1mgoogle_project_organization_policy.orgPolicyUpdate_vmCanIpForward: Creation complete after 0s [id=lakehouse-solutions-build:compute.vmCanIpForward][0m
[0m[1mgoogle_project_service.enable_containerregistry_google_apis: Creating...[0m[0m
[0m[1mgoogle_project_organization_policy.orgPolicyUpdate_disableSerialPortLogging: Creation complete after 0s [id=lakehouse-solutions-build:compute.disableSerialPortLogging][0m
[0m[1mgoogle_project_service.enable_orgpolicy_google_apis: Creating...[0m[0m
[0m[1mgoogle_project_organization_policy.orgPolicyUpdate_vmExternalIpAccess: Creation complete after 0s [id=lakehouse-solutions-build:compute.vmExternalIpAccess][0m
[0m[1mgoogle_project_service.enable_compute_google_apis: Creating...[0m[0m
[0m[1mgoogle_project_service.enable_containerregistry_google_apis: Creation complete after 3s [id=lakehouse-solutions-build/containerregistry.googleapis.com][0m
[0m[1mgoogle_project_service.enable_logging_google_apis: Creation complete after 3s [id=lakehouse-solutions-build/logging.googleapis.com][0m
[0m[1mgoogle_project_service.enable_container_google_apis: Creation complete after 3s [id=lakehouse-solutions-build/container.googleapis.com][0m
[0m[1mgoogle_project_service.enable_compute_google_apis: Creation complete after 3s [id=lakehouse-solutions-build/compute.googleapis.com][0m
[0m[1mgoogle_project_service.enable_storage_google_apis: Creation complete after 3s [id=lakehouse-solutions-build/storage.googleapis.com][0m
[0m[1mgoogle_project_service.enable_dataplex_google_apis: Creating...[0m[0m
[0m[1mgoogle_project_service.enable_datalineage_google_apis: Creating...[0m[0m
[0m[1mgoogle_project_service.enable_composer_google_apis: Creation complete after 3s [id=lakehouse-solutions-build/composer.googleapis.com][0m
[0m[1mgoogle_project_service.enable_monitoring_google_apis: Creating...[0m[0m
[0m[1mgoogle_project_organization_policy.orgPolicyUpdate_requireShieldedVm: Creating...[0m[0m
[0m[1mgoogle_project_service.enable_bigquery_google_apis: Creating...[0m[0m
[0m[1mgoogle_project_organization_policy.orgPolicyUpdate_requireOsLogin: Creating...[0m[0m
[0m[1mgoogle_project_organization_policy.orgPolicyUpdate_requireOsLogin: Creation complete after 0s [id=lakehouse-solutions-build:compute.requireOsLogin][0m
[0m[1mgoogle_project_organization_policy.orgPolicyUpdate_restrictVpcPeering: Creating...[0m[0m
[0m[1mgoogle_project_organization_policy.orgPolicyUpdate_requireShieldedVm: Creation complete after 1s [id=lakehouse-solutions-build:compute.requireShieldedVm][0m
[0m[1mgoogle_project_service.enable_notebooks_google_apis: Creating...[0m[0m
[0m[1mgoogle_project_organization_policy.orgPolicyUpdate_restrictVpcPeering: Creation complete after 1s [id=lakehouse-solutions-build:compute.restrictVpcPeering][0m
[0m[1mgoogle_project_service.enable_dataproc_google_apis: Creating...[0m[0m
[0m[1mgoogle_project_service.enable_dataproc_google_apis: Creation complete after 2s [id=lakehouse-solutions-build/dataproc.googleapis.com][0m
[0m[1mgoogle_project_service.enable_bigquery_google_apis: Creation complete after 3s [id=lakehouse-solutions-build/bigquery.googleapis.com][0m
[0m[1mgoogle_project_service.enable_monitoring_google_apis: Creation complete after 3s [id=lakehouse-solutions-build/monitoring.googleapis.com][0m
[0m[1mgoogle_project_service.enable_dataplex_google_apis: Creation complete after 3s [id=lakehouse-solutions-build/dataplex.googleapis.com][0m
[0m[1mgoogle_project_service.enable_datacatalog_google_apis: Still creating... [10s elapsed][0m[0m
[0m[1mgoogle_project_service.enable_aiplatform_google_apis: Still creating... [10s elapsed][0m[0m
[0m[1mgoogle_project_service.enable_biglake_google_apis: Still creating... [10s elapsed][0m[0m
[0m[1mgoogle_project_service.enable_orgpolicy_google_apis: Still creating... [10s elapsed][0m[0m
[0m[1mgoogle_project_service.enable_datalineage_google_apis: Still creating... [10s elapsed][0m[0m
[0m[1mgoogle_project_service.enable_notebooks_google_apis: Still creating... [10s elapsed][0m[0m
[0m[1mgoogle_project_service.enable_datacatalog_google_apis: Still creating... [20s elapsed][0m[0m
[0m[1mgoogle_project_service.enable_aiplatform_google_apis: Still creating... [20s elapsed][0m[0m
[0m[1mgoogle_project_service.enable_biglake_google_apis: Still creating... [20s elapsed][0m[0m
[0m[1mgoogle_project_service.enable_orgpolicy_google_apis: Still creating... [20s elapsed][0m[0m
[0m[1mgoogle_project_service.enable_biglake_google_apis: Creation complete after 20s [id=lakehouse-solutions-build/biglake.googleapis.com][0m
[0m[1mgoogle_project_service.enable_orgpolicy_google_apis: Creation complete after 20s [id=lakehouse-solutions-build/orgpolicy.googleapis.com][0m
[0m[1mgoogle_project_service.enable_aiplatform_google_apis: Creation complete after 20s [id=lakehouse-solutions-build/aiplatform.googleapis.com][0m
[0m[1mgoogle_project_service.enable_datacatalog_google_apis: Creation complete after 20s [id=lakehouse-solutions-build/datacatalog.googleapis.com][0m
[0m[1mgoogle_project_service.enable_datalineage_google_apis: Still creating... [20s elapsed][0m[0m
[0m[1mgoogle_project_service.enable_datalineage_google_apis: Creation complete after 20s [id=lakehouse-solutions-build/datalineage.googleapis.com][0m
[0m[1mgoogle_project_service.enable_notebooks_google_apis: Creation complete after 19s [id=lakehouse-solutions-build/notebooks.googleapis.com][0m
[0m[1mtime_sleep.sleep_after_api_enabling: Creating...[0m[0m
[0m[1mtime_sleep.sleep_after_api_enabling: Still creating... [10s elapsed][0m[0m
[0m[1mtime_sleep.sleep_after_api_enabling: Still creating... [20s elapsed][0m[0m
[0m[1mtime_sleep.sleep_after_api_enabling: Still creating... [30s elapsed][0m[0m
[0m[1mtime_sleep.sleep_after_api_enabling: Still creating... [40s elapsed][0m[0m
[0m[1mtime_sleep.sleep_after_api_enabling: Still creating... [50s elapsed][0m[0m
[0m[1mtime_sleep.sleep_after_api_enabling: Still creating... [1m0s elapsed][0m[0m
[0m[1mtime_sleep.sleep_after_api_enabling: Still creating... [1m10s elapsed][0m[0m
[0m[1mtime_sleep.sleep_after_api_enabling: Still creating... [1m20s elapsed][0m[0m
[0m[1mtime_sleep.sleep_after_api_enabling: Still creating... [1m30s elapsed][0m[0m
[0m[1mtime_sleep.sleep_after_api_enabling: Still creating... [1m40s elapsed][0m[0m
[0m[1mtime_sleep.sleep_after_api_enabling: Still creating... [1m50s elapsed][0m[0m
[0m[1mtime_sleep.sleep_after_api_enabling: Still creating... [2m0s elapsed][0m[0m
[0m[1mtime_sleep.sleep_after_api_enabling: Still creating... [2m10s elapsed][0m[0m
[0m[1mtime_sleep.sleep_after_api_enabling: Still creating... [2m20s elapsed][0m[0m
[0m[1mtime_sleep.sleep_after_api_enabling: Still creating... [2m30s elapsed][0m[0m
[0m[1mtime_sleep.sleep_after_api_enabling: Still creating... [2m40s elapsed][0m[0m
[0m[1mtime_sleep.sleep_after_api_enabling: Still creating... [2m50s elapsed][0m[0m
[0m[1mtime_sleep.sleep_after_api_enabling: Creation complete after 3m0s [id=2026-03-17T19:19:06Z][0m
[0m[1m[32m
Apply complete! Resources: 23 added, 0 changed, 0 destroyed.
[0m